 
****************************************
Report : area
Design : ibex_top
Version: O-2018.06-SP1
Date   : Mon Apr 14 07:43:59 2025
****************************************

Library(s) Used:

    saed14hvt_tt0p8v25c (File: /mnt/hgfs/0_GP/PDK/saed14_pdk/SAED14nm_EDK_CORE_HVT_v_062020/stdcell_hvt/db_ccs/saed14hvt_tt0p8v25c.db)

Number of ports:                          773
Number of nets:                         13027
Number of cells:                        12269
Number of combinational cells:          10255
Number of sequential cells:              2013
Number of macros/black boxes:               0
Number of buf/inv:                       1650
Number of references:                     105

Combinational area:               3263.133608
Buf/Inv area:                      367.942801
Noncombinational area:            1656.652794
Macro/Black Box area:                0.000000
Net Interconnect area:            7192.050754

Total cell area:                  4919.786402
Total area:                      12111.837156

Hierarchical area distribution
------------------------------

                                  Global cell area          Local cell area
                                  ------------------  ---------------------------- 
Hierarchical cell                 Absolute   Percent  Combi-     Noncombi-  Black-
                                  Total      Total    national   national   boxes   Design
--------------------------------  ---------  -------  ---------  ---------  ------  --------------------------------------------------
ibex_top                          4919.7864    100.0  2400.0420   983.0604  0.0000  ibex_top
gen_regfile_latch.register_file_i 1536.6840     31.2   863.0916   673.5924  0.0000  ibex_register_file_latch_0_00000020_0_0_0_00000000
--------------------------------  ---------  -------  ---------  ---------  ------  --------------------------------------------------
Total                                                 3263.1336  1656.6528  0.0000

1
