 
****************************************
Report : area
Design : ibex_top
Version: O-2018.06-SP1
Date   : Tue Apr 15 20:17:57 2025
****************************************

Information: Updating design information... (UID-85)
Library(s) Used:

    saed14hvt_tt0p8v25c (File: /mnt/hgfs/0_GP/PDK/saed14_pdk/SAED14nm_EDK_CORE_HVT_v_062020/stdcell_hvt/db_ccs/saed14hvt_tt0p8v25c.db)

Number of ports:                          773
Number of nets:                         12801
Number of cells:                        12041
Number of combinational cells:          10027
Number of sequential cells:              2013
Number of macros/black boxes:               0
Number of buf/inv:                       1568
Number of references:                     101

Combinational area:               3255.585611
Buf/Inv area:                      361.904401
Noncombinational area:            1655.409594
Macro/Black Box area:                0.000000
Net Interconnect area:            7177.569361

Total cell area:                  4910.995206
Total area:                      12088.564567
1
