/home/synopsys/syn/O-2018.06-SP1/auxx/gui/dv/dv_setup.tcl
/home/synopsys/syn/O-2018.06-SP1/auxx/gui/syn/snpsSynProcs.tcl
/home/synopsys/syn/O-2018.06-SP1/auxx/gui/syn/layout/pkgIndex.tcl
/home/synopsys/syn/O-2018.06-SP1/auxx/gui/common/tq/pkgIndex.tcl
/home/synopsys/syn/O-2018.06-SP1/auxx/gui/common/docBrowser/pkgIndex.tcl
/home/synopsys/syn/O-2018.06-SP1/auxx/gui/common/qtcl/pkgIndex.tcl
/home/synopsys/syn/O-2018.06-SP1/auxx/gui/common/profiler/pkgIndex.tcl
/home/synopsys/syn/O-2018.06-SP1/auxx/gui/common/highlight/pkgIndex.tcl
/home/synopsys/syn/O-2018.06-SP1/auxx/gui/common/tiledview/pkgIndex.tcl
/home/synopsys/syn/O-2018.06-SP1/auxx/gui/common/mrupalette/pkgIndex.tcl
/home/synopsys/syn/O-2018.06-SP1/auxx/gui/common/histogram/pkgIndex.tcl
/home/synopsys/syn/O-2018.06-SP1/auxx/gui/common/palettegroup/pkgIndex.tcl
/home/synopsys/syn/O-2018.06-SP1/auxx/gui/common/layout/pkgIndex.tcl
/home/synopsys/syn/O-2018.06-SP1/auxx/gui/common/select/pkgIndex.tcl
/home/synopsys/syn/O-2018.06-SP1/auxx/gui/common/pathinspector/pkgIndex.tcl
/home/synopsys/syn/O-2018.06-SP1/auxx/gui/common/regressionToolkit/pkgIndex.tcl
/home/synopsys/syn/O-2018.06-SP1/auxx/gui/common/fanoutviewer/pkgIndex.tcl
/home/synopsys/syn/O-2018.06-SP1/auxx/gui/common/table/pkgIndex.tcl
/home/synopsys/syn/O-2018.06-SP1/auxx/gui/common/opdlg/pkgIndex.tcl
/home/synopsys/syn/O-2018.06-SP1/auxx/gui/common/timing/pkgIndex.tcl
/home/synopsys/syn/O-2018.06-SP1/auxx/gui/common/acg/pkgIndex.tcl
/home/synopsys/syn/O-2018.06-SP1/auxx/gui/common/strokes/pkgIndex.tcl
/home/synopsys/syn/O-2018.06-SP1/auxx/gui/common/libviewer/pkgIndex.tcl
/home/synopsys/syn/O-2018.06-SP1/auxx/gui/common/menus/pkgIndex.tcl
/home/synopsys/syn/O-2018.06-SP1/auxx/gui/common/view/pkgIndex.tcl
/home/synopsys/syn/O-2018.06-SP1/auxx/gui/common/commandform/pkgIndex.tcl
/home/synopsys/syn/O-2018.06-SP1/auxx/gui/common/WindowFrameWork/pkgIndex.tcl
/home/synopsys/syn/O-2018.06-SP1/auxx/gui/common/schematic/pkgIndex.tcl
/home/synopsys/syn/O-2018.06-SP1/auxx/gui/common/misc/pkgIndex.tcl
/home/synopsys/syn/O-2018.06-SP1/auxx/gui/common/tcl-dp/pkgIndex.tcl
/home/synopsys/syn/O-2018.06-SP1/auxx/gui/common/dialogs/pkgIndex.tcl
/home/synopsys/syn/O-2018.06-SP1/auxx/gui/common/setup/pkgIndex.tcl
/home/synopsys/syn/O-2018.06-SP1/auxx/gui/common/hierarchy/pkgIndex.tcl
/home/synopsys/syn/O-2018.06-SP1/auxx/gui/dv/pkgIndex.tcl
/home/synopsys/syn/O-2018.06-SP1/auxx/syn/lib/pkgIndex.tcl
/home/synopsys/syn/O-2018.06-SP1/auxx/tcllib/lib/iwidgets4.1/pkgIndex.tcl
/home/synopsys/syn/O-2018.06-SP1/auxx/tcllib/snps_tcl/snpsTclPro/pkgIndex.tcl
/home/synopsys/syn/O-2018.06-SP1/auxx/tcllib/snps_tcl/snpsTest/pkgIndex.tcl
/home/synopsys/syn/O-2018.06-SP1/auxx/tcllib/snps_tcl/snpsUtils/pkgIndex.tcl
/home/synopsys/syn/O-2018.06-SP1/auxx/tcllib/snps_tcl/pkgIndex.tcl
/home/synopsys/syn/O-2018.06-SP1/auxx/tcllib/lib/tcl8.6/reg/pkgIndex.tcl
/home/synopsys/syn/O-2018.06-SP1/auxx/tcllib/lib/tcl8.6/dde/pkgIndex.tcl
/home/synopsys/syn/O-2018.06-SP1/auxx/tcllib/lib/tcl8.6/platform/pkgIndex.tcl
/home/synopsys/syn/O-2018.06-SP1/auxx/tcllib/lib/tcl8.6/tcltest/pkgIndex.tcl
/home/synopsys/syn/O-2018.06-SP1/auxx/tcllib/lib/tcl8.6/http/pkgIndex.tcl
/home/synopsys/syn/O-2018.06-SP1/auxx/tcllib/lib/tcl8.6/msgcat/pkgIndex.tcl
/home/synopsys/syn/O-2018.06-SP1/auxx/tcllib/lib/tcl8.6/http1.0/pkgIndex.tcl
/home/synopsys/syn/O-2018.06-SP1/auxx/tcllib/lib/tcl8.6/opt/pkgIndex.tcl
/home/synopsys/syn/O-2018.06-SP1/auxx/gui/common/setup/snpsCommonSetup.tcl
/home/synopsys/syn/O-2018.06-SP1/auxx/gui/common/setup/snpsCustomize.tcl
/home/synopsys/syn/O-2018.06-SP1/auxx/gui/common/setup/snpsProcheck.tcl
/home/synopsys/syn/O-2018.06-SP1/auxx/gui/common/qtcl/.synopsys_qtcl.tcl
/home/synopsys/syn/O-2018.06-SP1/auxx/gui/common/highlight/highlight.tcl
/home/synopsys/syn/O-2018.06-SP1/auxx/gui/common/misc/base.tcl
/home/synopsys/syn/O-2018.06-SP1/auxx/gui/common/misc/timing.tcl
/home/synopsys/syn/O-2018.06-SP1/auxx/gui/common/misc/setting.tcl
/home/synopsys/syn/O-2018.06-SP1/auxx/gui/common/misc/preset.tcl
/home/synopsys/syn/O-2018.06-SP1/auxx/gui/common/WindowFrameWork/windowFrameWork.tcl
/home/synopsys/syn/O-2018.06-SP1/auxx/gui/common/WindowFrameWork/skipBusyCursorCmdList.tcl
/home/synopsys/syn/O-2018.06-SP1/auxx/gui/common/docBrowser/docBrowser.tcl
/home/synopsys/syn/O-2018.06-SP1/auxx/tcllib/snps_tcl/snpsUtils/snpsUtils.tcl
/home/synopsys/syn/O-2018.06-SP1/auxx/gui/common/dialogs/ObjectChooser.tcl
/home/synopsys/syn/O-2018.06-SP1/auxx/gui/common/misc/DialogObjectChooser.tcl
/home/synopsys/syn/O-2018.06-SP1/auxx/gui/common/dialogs/HistBinInformation.tcl
/home/synopsys/syn/O-2018.06-SP1/auxx/gui/common/dialogs/HistBin1Information.tcl
/home/synopsys/syn/O-2018.06-SP1/auxx/gui/common/dialogs/BinsOnlyInformation.tcl
/home/synopsys/syn/O-2018.06-SP1/auxx/gui/common/dialogs/FileChooser.tcl
/home/synopsys/syn/O-2018.06-SP1/auxx/gui/common/dialogs/PathPinSimpleInfo.tcl
/home/synopsys/syn/O-2018.06-SP1/auxx/gui/common/dialogs/PathsBasicInfo.tcl
/home/synopsys/syn/O-2018.06-SP1/auxx/gui/common/dialogs/PathsBasicSimpleInfo.tcl
/home/synopsys/syn/O-2018.06-SP1/auxx/gui/common/dialogs/SlctOperationInfo.tcl
/home/synopsys/syn/O-2018.06-SP1/auxx/gui/common/dialogs/ObjectListInfo.tcl
/home/synopsys/syn/O-2018.06-SP1/auxx/gui/common/dialogs/FanInOutInfo.tcl
/home/synopsys/syn/O-2018.06-SP1/auxx/gui/common/dialogs/NumberOfLevelsChooser.tcl
/home/synopsys/syn/O-2018.06-SP1/auxx/gui/common/dialogs/WindowReuseInfo.tcl
/home/synopsys/syn/O-2018.06-SP1/auxx/gui/common/dialogs/ReportOutputOptionInfo.tcl
/home/synopsys/syn/O-2018.06-SP1/auxx/gui/common/setup/snpsCollections.tcl
/home/synopsys/syn/O-2018.06-SP1/auxx/gui/common/dialogs/CompileLinkDesign.tcl
/home/synopsys/syn/O-2018.06-SP1/auxx/gui/common/histogram/DialogEndpointSlack.tcl
/home/synopsys/syn/O-2018.06-SP1/auxx/gui/common/histogram/DialogPathsSlack.tcl
/home/synopsys/syn/O-2018.06-SP1/auxx/gui/common/histogram/DialogNetCapacitance.tcl
/home/synopsys/syn/O-2018.06-SP1/auxx/gui/common/schematic/DialogPathSchematicFanInOut.tcl
/home/synopsys/syn/O-2018.06-SP1/auxx/gui/common/schematic/DialogPathSchematicAddPaths.tcl
/mnt/hgfs/0_GP/RTL/V_3_2/ibex_pkg.sv
/mnt/hgfs/0_GP/PDK/saed14_pdk/SAED14nm_EDK_CORE_HVT_v_062020/stdcell_hvt/db_ccs/saed14hvt_tt0p8v25c.db
/mnt/hgfs/0_GP/PDK/saed14_pdk/SAED14nm_EDK_CORE_HVT_v_062020/stdcell_hvt/db_ccs/saed14hvt_ss0p72vm40c.db
/mnt/hgfs/0_GP/PDK/saed14_pdk/SAED14nm_EDK_CORE_HVT_v_062020/stdcell_hvt/db_ccs/saed14hvt_ff0p88v125c.db
/mnt/hgfs/0_GP/RTL/V_3_2/prim_mubi_pkg.sv
/mnt/hgfs/0_GP/RTL/V_3_2/prim_count_pkg.sv
/mnt/hgfs/0_GP/RTL/V_3_2/prim_pkg.sv
/mnt/hgfs/0_GP/RTL/V_3_2/prim_ram_1p_pkg.sv
/mnt/hgfs/0_GP/RTL/V_3_2/prim_secded_pkg.sv
/mnt/hgfs/0_GP/RTL/V_3_2/prim_cipher_pkg.sv
/mnt/hgfs/0_GP/RTL/V_3_2/prim_util_pkg.sv
/mnt/hgfs/0_GP/RTL/V_3_2/prim_generic_clock_gating.sv
/mnt/hgfs/0_GP/RTL/V_3_2/prim_xilinx_clock_gating.sv
/mnt/hgfs/0_GP/RTL/V_3_2/prim_generic_buf.sv
/mnt/hgfs/0_GP/RTL/V_3_2/ibex_compressed_decoder.sv
/mnt/hgfs/0_GP/RTL/V_3_2/ibex_fetch_fifo.sv
/mnt/hgfs/0_GP/RTL/V_3_2/prim_generic_buf.sv
/mnt/hgfs/0_GP/RTL/V_3_2/prim_secded_inv_39_32_dec.sv
/mnt/hgfs/0_GP/RTL/V_3_2/prim_secded_inv_39_32_enc.sv
/mnt/hgfs/0_GP/RTL/V_3_2/prim_secded_inv_28_22_dec.sv
/mnt/hgfs/0_GP/RTL/V_3_2/prim_secded_inv_28_22_enc.sv
/mnt/hgfs/0_GP/RTL/V_3_2/prim_lfsr.sv
/mnt/hgfs/0_GP/RTL/V_3_2/ibex_branch_predict.sv
/mnt/hgfs/0_GP/RTL/V_3_2/ibex_decoder.sv
/mnt/hgfs/0_GP/RTL/V_3_2/ibex_controller.sv
/mnt/hgfs/0_GP/RTL/V_3_2/ibex_alu.sv
/mnt/hgfs/0_GP/RTL/V_3_2/ibex_multdiv_fast.sv
/mnt/hgfs/0_GP/RTL/V_3_2/ibex_multdiv_slow.sv
/mnt/hgfs/0_GP/RTL/V_3_2/ibex_wb_stage.sv
/mnt/hgfs/0_GP/RTL/V_3_2/ibex_csr.sv
/mnt/hgfs/0_GP/RTL/V_3_2/ibex_counter.sv
/mnt/hgfs/0_GP/RTL/V_3_2/ibex_pmp.sv
/mnt/hgfs/0_GP/RTL/V_3_2/prim_onehot_check.sv
/mnt/hgfs/0_GP/RTL/V_3_2/prim_onehot_enc.sv
/mnt/hgfs/0_GP/RTL/V_3_2/prim_generic_and2.sv
/mnt/hgfs/0_GP/RTL/V_3_2/prim_generic_flop.sv
/mnt/hgfs/0_GP/RTL/V_3_2/prim_subst_perm.sv
/mnt/hgfs/0_GP/RTL/V_3_2/prim_prince.sv
/mnt/hgfs/0_GP/RTL/V_3_2/prim_generic_ram_1p.sv
/mnt/hgfs/0_GP/RTL/V_3_2/prim_secded_inv_22_16_dec.sv
/mnt/hgfs/0_GP/RTL/V_3_2/prim_secded_inv_22_16_enc.sv
/mnt/hgfs/0_GP/RTL/V_3_2/prim_secded_inv_hamming_22_16_dec.sv
/mnt/hgfs/0_GP/RTL/V_3_2/prim_secded_inv_hamming_22_16_enc.sv
/mnt/hgfs/0_GP/RTL/V_3_2/prim_secded_inv_hamming_39_32_dec.sv
/mnt/hgfs/0_GP/RTL/V_3_2/prim_secded_inv_hamming_39_32_enc.sv
/mnt/hgfs/0_GP/RTL/V_3_2/prim_generic_clock_mux2.sv
/mnt/hgfs/0_GP/RTL/V_3_2/prim_badbit_ram_1p.sv
/mnt/hgfs/0_GP/RTL/V_3_2/prim_xilinx_flop.sv
/mnt/hgfs/0_GP/RTL/V_3_2/prim_xilinx_and2.sv
/mnt/hgfs/0_GP/RTL/V_3_2/prim_xilinx_buf.sv
/mnt/hgfs/0_GP/RTL/V_3_2/prim_xilinx_clock_mux2.sv
/mnt/hgfs/0_GP/RTL/V_3_2/prim_clock_gating.sv
/mnt/hgfs/0_GP/RTL/V_3_2/prim_buf.sv
/mnt/hgfs/0_GP/RTL/V_3_2/ibex_prefetch_buffer.sv
/mnt/hgfs/0_GP/RTL/V_3_2/ibex_icache.sv
/mnt/hgfs/0_GP/RTL/V_3_2/ibex_dummy_instr.sv
/mnt/hgfs/0_GP/RTL/V_3_2/ibex_cs_registers.sv
/mnt/hgfs/0_GP/RTL/V_3_2/ibex_id_stage.sv
/mnt/hgfs/0_GP/RTL/V_3_2/ibex_ex_block.sv
/mnt/hgfs/0_GP/RTL/V_3_2/prim_and2.sv
/mnt/hgfs/0_GP/RTL/V_3_2/prim_flop.sv
/mnt/hgfs/0_GP/RTL/V_3_2/prim_ram_1p.sv
/mnt/hgfs/0_GP/RTL/V_3_2/prim_clock_mux2.sv
/mnt/hgfs/0_GP/RTL/V_3_2/ibex_if_stage.sv
/mnt/hgfs/0_GP/RTL/V_3_2/ibex_load_store_unit.sv
/mnt/hgfs/0_GP/RTL/V_3_2/prim_onehot_mux.sv
/mnt/hgfs/0_GP/RTL/V_3_2/prim_ram_1p_scr.sv
/mnt/hgfs/0_GP/RTL/V_3_2/prim_ram_1p_adv.sv
/mnt/hgfs/0_GP/RTL/V_3_2/prim_count.sv
/mnt/hgfs/0_GP/RTL/V_3_2/ibex_core.sv
/mnt/hgfs/0_GP/RTL/V_3_2/ibex_register_file_ff.sv
/mnt/hgfs/0_GP/RTL/V_3_2/ibex_register_file_fpga.sv
/mnt/hgfs/0_GP/RTL/V_3_2/ibex_register_file_latch.sv
/mnt/hgfs/0_GP/RTL/V_3_2/ibex_lockstep.sv
/mnt/hgfs/0_GP/RTL/V_3_2/ibex_top.sv
/home/synopsys/syn/O-2018.06-SP1/libraries/syn/gtech.db
/home/synopsys/syn/O-2018.06-SP1/libraries/syn/standard.sldb
/mnt/hgfs/0_GP/Synthesis/syn_ultra_0/zero-ris5y_constraints.tcl
/home/synopsys/syn/O-2018.06-SP1/libraries/syn/dw_foundation.sldb
/mnt/hgfs/0_GP/PDK/saed14_pdk/SAED14nm_EDK_CORE_HVT_v_062020/stdcell_hvt/db_ccs/saed14hvt_tt0p8v25c.db
/mnt/hgfs/0_GP/PDK/saed14_pdk/SAED14nm_EDK_CORE_HVT_v_062020/stdcell_hvt/db_ccs/saed14hvt_ss0p72vm40c.db
/mnt/hgfs/0_GP/PDK/saed14_pdk/SAED14nm_EDK_CORE_HVT_v_062020/stdcell_hvt/db_ccs/saed14hvt_ff0p88v125c.db
/mnt/hgfs/0_GP/Synthesis/syn_ultra_0/alib-52/saed14hvt_tt0p8v25c.db.alib
/mnt/hgfs/0_GP/Synthesis/syn_ultra_0/alib-52/alib_analyze_libs.tcl.e
/mnt/hgfs/0_GP/Synthesis/syn_ultra_0/alib-52/saed14hvt_ss0p72vm40c.db.alib
/mnt/hgfs/0_GP/Synthesis/syn_ultra_0/alib-52/alib_analyze_libs.tcl.e
/mnt/hgfs/0_GP/Synthesis/syn_ultra_0/alib-52/saed14hvt_ff0p88v125c.db.alib
/mnt/hgfs/0_GP/Synthesis/syn_ultra_0/alib-52/alib_analyze_libs.tcl.e
/mnt/hgfs/0_GP/PDK/saed14_pdk/SAED14nm_EDK_CORE_HVT_v_062020/stdcell_hvt/db_ccs/saed14hvt_tt0p8v25c.db
/mnt/hgfs/0_GP/PDK/saed14_pdk/SAED14nm_EDK_CORE_HVT_v_062020/stdcell_hvt/db_ccs/saed14hvt_ss0p72vm40c.db
/mnt/hgfs/0_GP/PDK/saed14_pdk/SAED14nm_EDK_CORE_HVT_v_062020/stdcell_hvt/db_ccs/saed14hvt_ff0p88v125c.db
/mnt/hgfs/0_GP/Synthesis/syn_ultra_0/alib-52/saed14hvt_tt0p8v25c.db.alib
/mnt/hgfs/0_GP/Synthesis/syn_ultra_0/alib-52/saed14hvt_ss0p72vm40c.db.alib
/mnt/hgfs/0_GP/Synthesis/syn_ultra_0/alib-52/saed14hvt_ff0p88v125c.db.alib
/home/ICer/synopsys_cache_O-2018.06-SP1/DW01/DW01_NAND2/str/saed14hvt_tt0p8v25c_3887/element.ddc
/mnt/hgfs/0_GP/PDK/saed14_pdk/SAED14nm_EDK_CORE_HVT_v_062020/stdcell_hvt/db_ccs/saed14hvt_tt0p8v25c.db
/mnt/hgfs/0_GP/PDK/saed14_pdk/SAED14nm_EDK_CORE_HVT_v_062020/stdcell_hvt/db_ccs/saed14hvt_ss0p72vm40c.db
/mnt/hgfs/0_GP/PDK/saed14_pdk/SAED14nm_EDK_CORE_HVT_v_062020/stdcell_hvt/db_ccs/saed14hvt_ff0p88v125c.db
/mnt/hgfs/0_GP/Synthesis/syn_ultra_0/alib-52/saed14hvt_tt0p8v25c.db.alib
/mnt/hgfs/0_GP/Synthesis/syn_ultra_0/alib-52/saed14hvt_ss0p72vm40c.db.alib
/mnt/hgfs/0_GP/Synthesis/syn_ultra_0/alib-52/saed14hvt_ff0p88v125c.db.alib
/mnt/hgfs/0_GP/PDK/saed14_pdk/SAED14nm_EDK_CORE_HVT_v_062020/stdcell_hvt/db_ccs/saed14hvt_tt0p8v25c.db
/mnt/hgfs/0_GP/PDK/saed14_pdk/SAED14nm_EDK_CORE_HVT_v_062020/stdcell_hvt/db_ccs/saed14hvt_ss0p72vm40c.db
/mnt/hgfs/0_GP/PDK/saed14_pdk/SAED14nm_EDK_CORE_HVT_v_062020/stdcell_hvt/db_ccs/saed14hvt_ff0p88v125c.db
/mnt/hgfs/0_GP/Synthesis/syn_ultra_0/alib-52/saed14hvt_tt0p8v25c.db.alib
/mnt/hgfs/0_GP/Synthesis/syn_ultra_0/alib-52/saed14hvt_ss0p72vm40c.db.alib
/mnt/hgfs/0_GP/Synthesis/syn_ultra_0/alib-52/saed14hvt_ff0p88v125c.db.alib
/mnt/hgfs/0_GP/PDK/saed14_pdk/SAED14nm_EDK_CORE_HVT_v_062020/stdcell_hvt/db_ccs/saed14hvt_tt0p8v25c.db
/mnt/hgfs/0_GP/PDK/saed14_pdk/SAED14nm_EDK_CORE_HVT_v_062020/stdcell_hvt/db_ccs/saed14hvt_ss0p72vm40c.db
/mnt/hgfs/0_GP/PDK/saed14_pdk/SAED14nm_EDK_CORE_HVT_v_062020/stdcell_hvt/db_ccs/saed14hvt_ff0p88v125c.db
/mnt/hgfs/0_GP/Synthesis/syn_ultra_0/alib-52/saed14hvt_tt0p8v25c.db.alib
/mnt/hgfs/0_GP/Synthesis/syn_ultra_0/alib-52/saed14hvt_ss0p72vm40c.db.alib
/mnt/hgfs/0_GP/Synthesis/syn_ultra_0/alib-52/saed14hvt_ff0p88v125c.db.alib
/mnt/hgfs/0_GP/PDK/saed14_pdk/SAED14nm_EDK_CORE_HVT_v_062020/stdcell_hvt/db_ccs/saed14hvt_tt0p8v25c.db
/mnt/hgfs/0_GP/PDK/saed14_pdk/SAED14nm_EDK_CORE_HVT_v_062020/stdcell_hvt/db_ccs/saed14hvt_ss0p72vm40c.db
/mnt/hgfs/0_GP/PDK/saed14_pdk/SAED14nm_EDK_CORE_HVT_v_062020/stdcell_hvt/db_ccs/saed14hvt_ff0p88v125c.db
/mnt/hgfs/0_GP/Synthesis/syn_ultra_0/alib-52/saed14hvt_tt0p8v25c.db.alib
/mnt/hgfs/0_GP/Synthesis/syn_ultra_0/alib-52/saed14hvt_ss0p72vm40c.db.alib
/mnt/hgfs/0_GP/Synthesis/syn_ultra_0/alib-52/saed14hvt_ff0p88v125c.db.alib
/mnt/hgfs/0_GP/PDK/saed14_pdk/SAED14nm_EDK_CORE_HVT_v_062020/stdcell_hvt/db_ccs/saed14hvt_tt0p8v25c.db
/mnt/hgfs/0_GP/PDK/saed14_pdk/SAED14nm_EDK_CORE_HVT_v_062020/stdcell_hvt/db_ccs/saed14hvt_ss0p72vm40c.db
/mnt/hgfs/0_GP/PDK/saed14_pdk/SAED14nm_EDK_CORE_HVT_v_062020/stdcell_hvt/db_ccs/saed14hvt_ff0p88v125c.db
/mnt/hgfs/0_GP/Synthesis/syn_ultra_0/alib-52/saed14hvt_tt0p8v25c.db.alib
/mnt/hgfs/0_GP/Synthesis/syn_ultra_0/alib-52/saed14hvt_ss0p72vm40c.db.alib
/mnt/hgfs/0_GP/Synthesis/syn_ultra_0/alib-52/saed14hvt_ff0p88v125c.db.alib
/mnt/hgfs/0_GP/PDK/saed14_pdk/SAED14nm_EDK_CORE_HVT_v_062020/stdcell_hvt/db_ccs/saed14hvt_tt0p8v25c.db
/mnt/hgfs/0_GP/PDK/saed14_pdk/SAED14nm_EDK_CORE_HVT_v_062020/stdcell_hvt/db_ccs/saed14hvt_ss0p72vm40c.db
/mnt/hgfs/0_GP/PDK/saed14_pdk/SAED14nm_EDK_CORE_HVT_v_062020/stdcell_hvt/db_ccs/saed14hvt_ff0p88v125c.db
/mnt/hgfs/0_GP/Synthesis/syn_ultra_0/alib-52/saed14hvt_tt0p8v25c.db.alib
/mnt/hgfs/0_GP/Synthesis/syn_ultra_0/alib-52/saed14hvt_ss0p72vm40c.db.alib
/mnt/hgfs/0_GP/Synthesis/syn_ultra_0/alib-52/saed14hvt_ff0p88v125c.db.alib
/mnt/hgfs/0_GP/PDK/saed14_pdk/SAED14nm_EDK_CORE_HVT_v_062020/stdcell_hvt/db_ccs/saed14hvt_tt0p8v25c.db
/mnt/hgfs/0_GP/PDK/saed14_pdk/SAED14nm_EDK_CORE_HVT_v_062020/stdcell_hvt/db_ccs/saed14hvt_ss0p72vm40c.db
/mnt/hgfs/0_GP/PDK/saed14_pdk/SAED14nm_EDK_CORE_HVT_v_062020/stdcell_hvt/db_ccs/saed14hvt_ff0p88v125c.db
/mnt/hgfs/0_GP/Synthesis/syn_ultra_0/alib-52/saed14hvt_tt0p8v25c.db.alib
/mnt/hgfs/0_GP/Synthesis/syn_ultra_0/alib-52/saed14hvt_ss0p72vm40c.db.alib
/mnt/hgfs/0_GP/Synthesis/syn_ultra_0/alib-52/saed14hvt_ff0p88v125c.db.alib
/mnt/hgfs/0_GP/PDK/saed14_pdk/SAED14nm_EDK_CORE_HVT_v_062020/stdcell_hvt/db_ccs/saed14hvt_tt0p8v25c.db
/mnt/hgfs/0_GP/PDK/saed14_pdk/SAED14nm_EDK_CORE_HVT_v_062020/stdcell_hvt/db_ccs/saed14hvt_ss0p72vm40c.db
/mnt/hgfs/0_GP/PDK/saed14_pdk/SAED14nm_EDK_CORE_HVT_v_062020/stdcell_hvt/db_ccs/saed14hvt_ff0p88v125c.db
